{"C:\\Users\\kalya\\Downloads\\awsproject-datavedha\\products-service\\src\\app.js": {"path":"C:\\Users\\kalya\\Downloads\\awsproject-datavedha\\products-service\\src\\app.js","statementMap":{"0":{"start":{"line":3,"column":16},"end":{"line":3,"column":34}},"1":{"start":{"line":4,"column":13},"end":{"line":4,"column":28}},"2":{"start":{"line":5,"column":15},"end":{"line":5,"column":32}},"3":{"start":{"line":6,"column":15},"end":{"line":6,"column":32}},"4":{"start":{"line":7,"column":16},"end":{"line":7,"column":39}},"5":{"start":{"line":9,"column":22},"end":{"line":9,"column":50}},"6":{"start":{"line":10,"column":25},"end":{"line":10,"column":61}},"7":{"start":{"line":11,"column":15},"end":{"line":11,"column":45}},"8":{"start":{"line":13,"column":12},"end":{"line":13,"column":21}},"9":{"start":{"line":16,"column":0},"end":{"line":16,"column":18}},"10":{"start":{"line":19,"column":0},"end":{"line":23,"column":4}},"11":{"start":{"line":26,"column":0},"end":{"line":28,"column":1}},"12":{"start":{"line":27,"column":2},"end":{"line":27,"column":59}},"13":{"start":{"line":31,"column":0},"end":{"line":31,"column":24}},"14":{"start":{"line":34,"column":0},"end":{"line":36,"column":4}},"15":{"start":{"line":35,"column":32},"end":{"line":35,"column":88}},"16":{"start":{"line":39,"column":0},"end":{"line":41,"column":3}},"17":{"start":{"line":40,"column":2},"end":{"line":40,"column":112}},"18":{"start":{"line":44,"column":0},"end":{"line":44,"column":40}},"19":{"start":{"line":47,"column":0},"end":{"line":49,"column":1}},"20":{"start":{"line":48,"column":2},"end":{"line":48,"column":42}},"21":{"start":{"line":52,"column":0},"end":{"line":54,"column":3}},"22":{"start":{"line":53,"column":2},"end":{"line":53,"column":70}},"23":{"start":{"line":57,"column":0},"end":{"line":57,"column":22}},"24":{"start":{"line":59,"column":0},"end":{"line":59,"column":21}}},"fnMap":{"0":{"name":"(anonymous_0)","decl":{"start":{"line":35,"column":19},"end":{"line":35,"column":20}},"loc":{"start":{"line":35,"column":32},"end":{"line":35,"column":88}},"line":35},"1":{"name":"(anonymous_1)","decl":{"start":{"line":39,"column":19},"end":{"line":39,"column":20}},"loc":{"start":{"line":39,"column":33},"end":{"line":41,"column":1}},"line":39},"2":{"name":"(anonymous_2)","decl":{"start":{"line":52,"column":8},"end":{"line":52,"column":9}},"loc":{"start":{"line":52,"column":22},"end":{"line":54,"column":1}},"line":52}},"branchMap":{"0":{"loc":{"start":{"line":20,"column":10},"end":{"line":20,"column":43}},"type":"binary-expr","locations":[{"start":{"line":20,"column":10},"end":{"line":20,"column":36}},{"start":{"line":20,"column":40},"end":{"line":20,"column":43}}],"line":20},"1":{"loc":{"start":{"line":26,"column":0},"end":{"line":28,"column":1}},"type":"if","locations":[{"start":{"line":26,"column":0},"end":{"line":28,"column":1}},{"start":{},"end":{}}],"line":26},"2":{"loc":{"start":{"line":47,"column":0},"end":{"line":49,"column":1}},"type":"if","locations":[{"start":{"line":47,"column":0},"end":{"line":49,"column":1}},{"start":{},"end":{}}],"line":47}},"s":{"0":1,"1":1,"2":1,"3":1,"4":1,"5":1,"6":1,"7":1,"8":1,"9":1,"10":1,"11":1,"12":0,"13":1,"14":1,"15":9,"16":1,"17":1,"18":1,"19":1,"20":0,"21":1,"22":0,"23":1,"24":1},"f":{"0":9,"1":1,"2":0},"b":{"0":[1,1],"1":[0,1],"2":[0,1]},"_coverageSchema":"1a1c01bbd47fc00a2c39e90264f33305004495a9","hash":"e4e628215167a220f086733810829c22ea52dd6e"}
,"C:\\Users\\kalya\\Downloads\\awsproject-datavedha\\products-service\\src\\middleware\\errorHandler.js": {"path":"C:\\Users\\kalya\\Downloads\\awsproject-datavedha\\products-service\\src\\middleware\\errorHandler.js","statementMap":{"0":{"start":{"line":3,"column":15},"end":{"line":3,"column":34}},"1":{"start":{"line":6,"column":17},"end":{"line":6,"column":34}},"2":{"start":{"line":7,"column":18},"end":{"line":7,"column":56}},"3":{"start":{"line":9,"column":2},"end":{"line":16,"column":5}},"4":{"start":{"line":18,"column":2},"end":{"line":21,"column":5}},"5":{"start":{"line":24,"column":0},"end":{"line":24,"column":34}}},"fnMap":{"0":{"name":"errorHandler","decl":{"start":{"line":5,"column":9},"end":{"line":5,"column":21}},"loc":{"start":{"line":5,"column":43},"end":{"line":22,"column":1}},"line":5}},"branchMap":{"0":{"loc":{"start":{"line":6,"column":17},"end":{"line":6,"column":34}},"type":"binary-expr","locations":[{"start":{"line":6,"column":17},"end":{"line":6,"column":27}},{"start":{"line":6,"column":31},"end":{"line":6,"column":34}}],"line":6},"1":{"loc":{"start":{"line":7,"column":18},"end":{"line":7,"column":56}},"type":"binary-expr","locations":[{"start":{"line":7,"column":18},"end":{"line":7,"column":48}},{"start":{"line":7,"column":52},"end":{"line":7,"column":56}}],"line":7},"2":{"loc":{"start":{"line":15,"column":11},"end":{"line":15,"column":72}},"type":"cond-expr","locations":[{"start":{"line":15,"column":51},"end":{"line":15,"column":60}},{"start":{"line":15,"column":63},"end":{"line":15,"column":72}}],"line":15},"3":{"loc":{"start":{"line":19,"column":11},"end":{"line":19,"column":65}},"type":"cond-expr","locations":[{"start":{"line":19,"column":28},"end":{"line":19,"column":51}},{"start":{"line":19,"column":54},"end":{"line":19,"column":65}}],"line":19}},"s":{"0":1,"1":0,"2":0,"3":0,"4":0,"5":1},"f":{"0":0},"b":{"0":[0,0],"1":[0,0],"2":[0,0],"3":[0,0]},"_coverageSchema":"1a1c01bbd47fc00a2c39e90264f33305004495a9","hash":"298aa3a86d06f5d2b03e1c19e2ac32393613421b"}
,"C:\\Users\\kalya\\Downloads\\awsproject-datavedha\\products-service\\src\\middleware\\logger.js": {"path":"C:\\Users\\kalya\\Downloads\\awsproject-datavedha\\products-service\\src\\middleware\\logger.js","statementMap":{"0":{"start":{"line":3,"column":45},"end":{"line":3,"column":63}},"1":{"start":{"line":6,"column":15},"end":{"line":18,"column":2}},"2":{"start":{"line":20,"column":0},"end":{"line":20,"column":24}}},"fnMap":{},"branchMap":{"0":{"loc":{"start":{"line":7,"column":9},"end":{"line":7,"column":40}},"type":"binary-expr","locations":[{"start":{"line":7,"column":9},"end":{"line":7,"column":30}},{"start":{"line":7,"column":34},"end":{"line":7,"column":40}}],"line":7},"1":{"loc":{"start":{"line":15,"column":13},"end":{"line":15,"column":55}},"type":"binary-expr","locations":[{"start":{"line":15,"column":13},"end":{"line":15,"column":44}},{"start":{"line":15,"column":48},"end":{"line":15,"column":55}}],"line":15}},"s":{"0":1,"1":1,"2":1},"f":{},"b":{"0":[1,1],"1":[1,0]},"_coverageSchema":"1a1c01bbd47fc00a2c39e90264f33305004495a9","hash":"810c90e7bc6ac5f7eb2c428b4aa33e03daa620ab"}
,"C:\\Users\\kalya\\Downloads\\awsproject-datavedha\\products-service\\src\\routes\\products.js": {"path":"C:\\Users\\kalya\\Downloads\\awsproject-datavedha\\products-service\\src\\routes\\products.js","statementMap":{"0":{"start":{"line":3,"column":16},"end":{"line":3,"column":34}},"1":{"start":{"line":4,"column":23},"end":{"line":4,"column":38}},"2":{"start":{"line":5,"column":20},"end":{"line":5,"column":41}},"3":{"start":{"line":6,"column":15},"end":{"line":6,"column":46}},"4":{"start":{"line":8,"column":15},"end":{"line":8,"column":31}},"5":{"start":{"line":11,"column":0},"end":{"line":35,"column":3}},"6":{"start":{"line":12,"column":2},"end":{"line":34,"column":3}},"7":{"start":{"line":13,"column":57},"end":{"line":13,"column":66}},"8":{"start":{"line":14,"column":16},"end":{"line":14,"column":50}},"9":{"start":{"line":15,"column":19},"end":{"line":15,"column":21}},"10":{"start":{"line":17,"column":4},"end":{"line":20,"column":5}},"11":{"start":{"line":18,"column":6},"end":{"line":18,"column":28}},"12":{"start":{"line":19,"column":6},"end":{"line":19,"column":51}},"13":{"start":{"line":21,"column":4},"end":{"line":24,"column":5}},"14":{"start":{"line":22,"column":6},"end":{"line":22,"column":33}},"15":{"start":{"line":23,"column":6},"end":{"line":23,"column":92}},"16":{"start":{"line":25,"column":4},"end":{"line":25,"column":98}},"17":{"start":{"line":26,"column":4},"end":{"line":26,"column":51}},"18":{"start":{"line":28,"column":21},"end":{"line":28,"column":57}},"19":{"start":{"line":29,"column":4},"end":{"line":29,"column":109}},"20":{"start":{"line":31,"column":4},"end":{"line":31,"column":99}},"21":{"start":{"line":33,"column":4},"end":{"line":33,"column":14}},"22":{"start":{"line":38,"column":0},"end":{"line":48,"column":3}},"23":{"start":{"line":39,"column":2},"end":{"line":47,"column":3}},"24":{"start":{"line":40,"column":21},"end":{"line":40,"column":99}},"25":{"start":{"line":41,"column":4},"end":{"line":43,"column":5}},"26":{"start":{"line":42,"column":6},"end":{"line":42,"column":85}},"27":{"start":{"line":44,"column":4},"end":{"line":44,"column":32}},"28":{"start":{"line":46,"column":4},"end":{"line":46,"column":14}},"29":{"start":{"line":51,"column":0},"end":{"line":67,"column":3}},"30":{"start":{"line":52,"column":2},"end":{"line":66,"column":3}},"31":{"start":{"line":53,"column":69},"end":{"line":53,"column":77}},"32":{"start":{"line":54,"column":4},"end":{"line":56,"column":5}},"33":{"start":{"line":55,"column":6},"end":{"line":55,"column":76}},"34":{"start":{"line":57,"column":21},"end":{"line":61,"column":5}},"35":{"start":{"line":62,"column":4},"end":{"line":62,"column":64}},"36":{"start":{"line":63,"column":4},"end":{"line":63,"column":44}},"37":{"start":{"line":65,"column":4},"end":{"line":65,"column":14}},"38":{"start":{"line":70,"column":0},"end":{"line":86,"column":3}},"39":{"start":{"line":71,"column":2},"end":{"line":85,"column":3}},"40":{"start":{"line":72,"column":69},"end":{"line":72,"column":77}},"41":{"start":{"line":73,"column":21},"end":{"line":78,"column":5}},"42":{"start":{"line":79,"column":4},"end":{"line":81,"column":5}},"43":{"start":{"line":80,"column":6},"end":{"line":80,"column":85}},"44":{"start":{"line":82,"column":4},"end":{"line":82,"column":32}},"45":{"start":{"line":84,"column":4},"end":{"line":84,"column":14}},"46":{"start":{"line":89,"column":0},"end":{"line":100,"column":3}},"47":{"start":{"line":90,"column":2},"end":{"line":99,"column":3}},"48":{"start":{"line":91,"column":25},"end":{"line":91,"column":101}},"49":{"start":{"line":92,"column":4},"end":{"line":94,"column":5}},"50":{"start":{"line":93,"column":6},"end":{"line":93,"column":85}},"51":{"start":{"line":95,"column":4},"end":{"line":95,"column":67}},"52":{"start":{"line":96,"column":4},"end":{"line":96,"column":27}},"53":{"start":{"line":98,"column":4},"end":{"line":98,"column":14}},"54":{"start":{"line":103,"column":0},"end":{"line":128,"column":3}},"55":{"start":{"line":104,"column":2},"end":{"line":127,"column":3}},"56":{"start":{"line":105,"column":25},"end":{"line":105,"column":33}},"57":{"start":{"line":106,"column":4},"end":{"line":108,"column":5}},"58":{"start":{"line":107,"column":6},"end":{"line":107,"column":69}},"59":{"start":{"line":109,"column":21},"end":{"line":112,"column":5}},"60":{"start":{"line":113,"column":4},"end":{"line":115,"column":5}},"61":{"start":{"line":114,"column":6},"end":{"line":114,"column":66}},"62":{"start":{"line":116,"column":4},"end":{"line":123,"column":5}},"63":{"start":{"line":118,"column":6},"end":{"line":121,"column":8}},"64":{"start":{"line":122,"column":6},"end":{"line":122,"column":67}},"65":{"start":{"line":124,"column":4},"end":{"line":124,"column":32}},"66":{"start":{"line":126,"column":4},"end":{"line":126,"column":14}},"67":{"start":{"line":130,"column":0},"end":{"line":130,"column":24}}},"fnMap":{"0":{"name":"(anonymous_0)","decl":{"start":{"line":11,"column":16},"end":{"line":11,"column":17}},"loc":{"start":{"line":11,"column":42},"end":{"line":35,"column":1}},"line":11},"1":{"name":"(anonymous_1)","decl":{"start":{"line":38,"column":19},"end":{"line":38,"column":20}},"loc":{"start":{"line":38,"column":45},"end":{"line":48,"column":1}},"line":38},"2":{"name":"(anonymous_2)","decl":{"start":{"line":51,"column":17},"end":{"line":51,"column":18}},"loc":{"start":{"line":51,"column":43},"end":{"line":67,"column":1}},"line":51},"3":{"name":"(anonymous_3)","decl":{"start":{"line":70,"column":19},"end":{"line":70,"column":20}},"loc":{"start":{"line":70,"column":45},"end":{"line":86,"column":1}},"line":70},"4":{"name":"(anonymous_4)","decl":{"start":{"line":89,"column":22},"end":{"line":89,"column":23}},"loc":{"start":{"line":89,"column":48},"end":{"line":100,"column":1}},"line":89},"5":{"name":"(anonymous_5)","decl":{"start":{"line":103,"column":27},"end":{"line":103,"column":28}},"loc":{"start":{"line":103,"column":53},"end":{"line":128,"column":1}},"line":103}},"branchMap":{"0":{"loc":{"start":{"line":13,"column":30},"end":{"line":13,"column":40}},"type":"default-arg","locations":[{"start":{"line":13,"column":38},"end":{"line":13,"column":40}}],"line":13},"1":{"loc":{"start":{"line":13,"column":42},"end":{"line":13,"column":52}},"type":"default-arg","locations":[{"start":{"line":13,"column":51},"end":{"line":13,"column":52}}],"line":13},"2":{"loc":{"start":{"line":17,"column":4},"end":{"line":20,"column":5}},"type":"if","locations":[{"start":{"line":17,"column":4},"end":{"line":20,"column":5}},{"start":{},"end":{}}],"line":17},"3":{"loc":{"start":{"line":21,"column":4},"end":{"line":24,"column":5}},"type":"if","locations":[{"start":{"line":21,"column":4},"end":{"line":24,"column":5}},{"start":{},"end":{}}],"line":21},"4":{"loc":{"start":{"line":41,"column":4},"end":{"line":43,"column":5}},"type":"if","locations":[{"start":{"line":41,"column":4},"end":{"line":43,"column":5}},{"start":{},"end":{}}],"line":41},"5":{"loc":{"start":{"line":54,"column":4},"end":{"line":56,"column":5}},"type":"if","locations":[{"start":{"line":54,"column":4},"end":{"line":56,"column":5}},{"start":{},"end":{}}],"line":54},"6":{"loc":{"start":{"line":54,"column":8},"end":{"line":54,"column":36}},"type":"binary-expr","locations":[{"start":{"line":54,"column":8},"end":{"line":54,"column":13}},{"start":{"line":54,"column":17},"end":{"line":54,"column":36}}],"line":54},"7":{"loc":{"start":{"line":60,"column":64},"end":{"line":60,"column":74}},"type":"binary-expr","locations":[{"start":{"line":60,"column":64},"end":{"line":60,"column":69}},{"start":{"line":60,"column":73},"end":{"line":60,"column":74}}],"line":60},"8":{"loc":{"start":{"line":79,"column":4},"end":{"line":81,"column":5}},"type":"if","locations":[{"start":{"line":79,"column":4},"end":{"line":81,"column":5}},{"start":{},"end":{}}],"line":79},"9":{"loc":{"start":{"line":92,"column":4},"end":{"line":94,"column":5}},"type":"if","locations":[{"start":{"line":92,"column":4},"end":{"line":94,"column":5}},{"start":{},"end":{}}],"line":92},"10":{"loc":{"start":{"line":106,"column":4},"end":{"line":108,"column":5}},"type":"if","locations":[{"start":{"line":106,"column":4},"end":{"line":108,"column":5}},{"start":{},"end":{}}],"line":106},"11":{"loc":{"start":{"line":113,"column":4},"end":{"line":115,"column":5}},"type":"if","locations":[{"start":{"line":113,"column":4},"end":{"line":115,"column":5}},{"start":{},"end":{}}],"line":113},"12":{"loc":{"start":{"line":116,"column":4},"end":{"line":123,"column":5}},"type":"if","locations":[{"start":{"line":116,"column":4},"end":{"line":123,"column":5}},{"start":{},"end":{}}],"line":116}},"s":{"0":1,"1":1,"2":1,"3":1,"4":1,"5":1,"6":2,"7":2,"8":2,"9":2,"10":2,"11":0,"12":0,"13":2,"14":0,"15":0,"16":2,"17":2,"18":2,"19":2,"20":2,"21":0,"22":1,"23":2,"24":2,"25":2,"26":1,"27":1,"28":0,"29":1,"30":2,"31":2,"32":2,"33":1,"34":1,"35":1,"36":1,"37":0,"38":1,"39":0,"40":0,"41":0,"42":0,"43":0,"44":0,"45":0,"46":1,"47":2,"48":2,"49":2,"50":1,"51":1,"52":1,"53":0,"54":1,"55":0,"56":0,"57":0,"58":0,"59":0,"60":0,"61":0,"62":0,"63":0,"64":0,"65":0,"66":0,"67":1},"f":{"0":2,"1":2,"2":2,"3":0,"4":2,"5":0},"b":{"0":[2],"1":[2],"2":[0,2],"3":[0,2],"4":[1,1],"5":[1,1],"6":[2,1],"7":[1,0],"8":[0,0],"9":[1,1],"10":[0,0],"11":[0,0],"12":[0,0]},"_coverageSchema":"1a1c01bbd47fc00a2c39e90264f33305004495a9","hash":"a72ed4afac505036b8ec8c48ed2b625e890f229c"}
}
