TN:
SF:src\app.js
FN:35,(anonymous_0)
FN:39,(anonymous_1)
FN:52,(anonymous_2)
FNF:3
FNH:2
FNDA:9,(anonymous_0)
FNDA:1,(anonymous_1)
FNDA:0,(anonymous_2)
DA:3,1
DA:4,1
DA:5,1
DA:6,1
DA:7,1
DA:9,1
DA:10,1
DA:11,1
DA:13,1
DA:16,1
DA:19,1
DA:26,1
DA:27,0
DA:31,1
DA:34,1
DA:35,9
DA:39,1
DA:40,1
DA:44,1
DA:47,1
DA:48,0
DA:52,1
DA:53,0
DA:57,1
DA:59,1
LF:25
LH:22
BRDA:20,0,0,1
BRDA:20,0,1,1
BRDA:26,1,0,0
BRDA:26,1,1,1
BRDA:47,2,0,0
BRDA:47,2,1,1
BRF:6
BRH:4
end_of_record
TN:
SF:src\middleware\errorHandler.js
FN:5,errorHandler
FNF:1
FNH:0
FNDA:0,errorHandler
DA:3,1
DA:6,0
DA:7,0
DA:9,0
DA:18,0
DA:24,1
LF:6
LH:2
BRDA:6,0,0,0
BRDA:6,0,1,0
BRDA:7,1,0,0
BRDA:7,1,1,0
BRDA:15,2,0,0
BRDA:15,2,1,0
BRDA:19,3,0,0
BRDA:19,3,1,0
BRF:8
BRH:0
end_of_record
TN:
SF:src\middleware\logger.js
FNF:0
FNH:0
DA:3,1
DA:6,1
DA:20,1
LF:3
LH:3
BRDA:7,0,0,1
BRDA:7,0,1,1
BRDA:15,1,0,1
BRDA:15,1,1,0
BRF:4
BRH:3
end_of_record
TN:
SF:src\routes\products.js
FN:11,(anonymous_0)
FN:38,(anonymous_1)
FN:51,(anonymous_2)
FN:70,(anonymous_3)
FN:89,(anonymous_4)
FN:103,(anonymous_5)
FNF:6
FNH:4
FNDA:2,(anonymous_0)
FNDA:2,(anonymous_1)
FNDA:2,(anonymous_2)
FNDA:0,(anonymous_3)
FNDA:2,(anonymous_4)
FNDA:0,(anonymous_5)
DA:3,1
DA:4,1
DA:5,1
DA:6,1
DA:8,1
DA:11,1
DA:12,2
DA:13,2
DA:14,2
DA:15,2
DA:17,2
DA:18,0
DA:19,0
DA:21,2
DA:22,0
DA:23,0
DA:25,2
DA:26,2
DA:28,2
DA:29,2
DA:31,2
DA:33,0
DA:38,1
DA:39,2
DA:40,2
DA:41,2
DA:42,1
DA:44,1
DA:46,0
DA:51,1
DA:52,2
DA:53,2
DA:54,2
DA:55,1
DA:57,1
DA:62,1
DA:63,1
DA:65,0
DA:70,1
DA:71,0
DA:72,0
DA:73,0
DA:79,0
DA:80,0
DA:82,0
DA:84,0
DA:89,1
DA:90,2
DA:91,2
DA:92,2
DA:93,1
DA:95,1
DA:96,1
DA:98,0
DA:103,1
DA:104,0
DA:105,0
DA:106,0
DA:107,0
DA:109,0
DA:113,0
DA:114,0
DA:116,0
DA:118,0
DA:122,0
DA:124,0
DA:126,0
DA:130,1
LF:68
LH:41
BRDA:13,0,0,2
BRDA:13,1,0,2
BRDA:17,2,0,0
BRDA:17,2,1,2
BRDA:21,3,0,0
BRDA:21,3,1,2
BRDA:41,4,0,1
BRDA:41,4,1,1
BRDA:54,5,0,1
BRDA:54,5,1,1
BRDA:54,6,0,2
BRDA:54,6,1,1
BRDA:60,7,0,1
BRDA:60,7,1,0
BRDA:79,8,0,0
BRDA:79,8,1,0
BRDA:92,9,0,1
BRDA:92,9,1,1
BRDA:106,10,0,0
BRDA:106,10,1,0
BRDA:113,11,0,0
BRDA:113,11,1,0
BRDA:116,12,0,0
BRDA:116,12,1,0
BRF:24
BRH:13
end_of_record
